#
# A fatal error has been detected by the Java Runtime Environment:
#
#  EXCEPTION_ACCESS_VIOLATION (0xc0000005) at pc=0x00000249f737256f, pid=25652, tid=13768
#
# JRE version: Java(TM) SE Runtime Environment (24.0.2+12) (build 24.0.2+12-54)
# Java VM: Java HotSpot(TM) 64-Bit Server VM (24.0.2+12-54, mixed mode, emulated-client, sharing, tiered, compressed oops, compressed class ptrs, g1 gc, windows-amd64)
# Problematic frame:
# v  ~MethodHandlesAdapterBlob 0x00000249f737256f
#
# No core dump will be written. Minidumps are not enabled by default on client versions of Windows
#
# If you would like to submit a bug report, please visit:
#   https://bugreport.java.com/bugreport/crash.jsp
#

---------------  S U M M A R Y ------------

Command Line: -XX:+ShowCodeDetailsInExceptionMessages -agentlib:jdwp=transport=dt_socket,suspend=y,address=localhost:55238 -Dcom.sun.management.jmxremote -Dcom.sun.management.jmxremote.port=55237 -Dcom.sun.management.jmxremote.authenticate=false -Dcom.sun.management.jmxremote.ssl=false -Djava.rmi.server.hostname=localhost -Dspring.jmx.enabled=true -Dmanagement.endpoints.jmx.exposure.include=* -Dspring.application.admin.enabled=true -Dspring.output.ansi.enabled=always -XX:TieredStopAtLevel=1 -Dspring.boot.project.name=email-writer-sb -javaagent:C:\Users\sreej\Downloads\spring-tool-suite-4-4.28.0.RELEASE-e4.34.0-win32.win32.x86_64\sts-4.28.0.RELEASE\configuration\org.eclipse.osgi\275\0\.cp\lib\javaagent-shaded.jar -Dfile.encoding=UTF-8 -Dstdout.encoding=UTF-8 -Dstderr.encoding=UTF-8 com.email.email_writer_sb.EmailWriterSbApplication

Host: 12th Gen Intel(R) Core(TM) i7-12650H, 16 cores, 15G,  Windows 11 , 64 bit Build 26100 (10.0.26100.4768)
Time: Sat Jul 26 19:50:52 2025 India Standard Time elapsed time: 1357.694099 seconds (0d 0h 22m 37s)

---------------  T H R E A D  ---------------

Current thread (0x00000249eeaad770):  JavaThread "main"             [_thread_in_Java, id=13768, stack(0x0000004cc0200000,0x0000004cc0300000) (1024K)]

Stack: [0x0000004cc0200000,0x0000004cc0300000],  sp=0x0000004cc02fe0c8,  free space=1016k
Native frames: (J=compiled Java code, j=interpreted, Vv=VM code, C=native code)
C  0x00000249f737256f  (no source info available)

The last pc belongs to _linkToSpecial (printed below).

siginfo: EXCEPTION_ACCESS_VIOLATION (0xc0000005), reading address 0xfffffffffffffff7


Registers:
RAX=0x00000249f7349026, RBX=0x0000000706a00028, RCX=0xfffffffffffffff7, RDX=0x0000000000000002
RSP=0x0000004cc02fe0c8, RBP=0x0000004cc02fe118, RSI=0x00000249c8fff968, RDI=0x00000249c931f7a0
R8 =0x0000000000000002, R9 =0x0000000000000002, R10=0x00007ff8248b4880, R11=0x00000249831f9ab0
R12=0x0000000000000000, R13=0x0000004cc02fe0c8, R14=0x0000004cc02fe138, R15=0x00000249eeaad770
RIP=0x00000249f737256f, EFLAGS=0x0000000000010202

XMM[0]=0x0000000000000000 0x0000000000000000
XMM[1]=0x0000000000000000 0x0000000000000000
XMM[2]=0x0000000000000000 0x0000000000000000
XMM[3]=0x0000000000000000 0x0000000000000000
XMM[4]=0x0000000000000000 0x0000000000000000
XMM[5]=0x0000000000000000 0x0000000000000000
XMM[6]=0x0000000000000000 0x0000000000000000
XMM[7]=0x0000000000000000 0x0000000000000000
XMM[8]=0x0000000000000000 0x0000000000000000
XMM[9]=0x0000000000000000 0x0000000000000000
XMM[10]=0x0000000000000000 0x0000000000000000
XMM[11]=0x0000000000000000 0x0000000000000000
XMM[12]=0x0000000000000000 0x0000000000000000
XMM[13]=0x0000000000000000 0x0000000000000000
XMM[14]=0x0000000000000000 0x0000000000000000
XMM[15]=0x0000000000000000 0x0000000000000000
  MXCSR=0x00001fa0


Register to memory mapping:

RAX=0x00000249f7349026 is at code_begin+3174 in an Interpreter codelet
return entry points  [0x00000249f73483c0, 0x00000249f734a2c8]  7944 bytes
RBX=0x0000000706a00028 is an oop: com.email.email_writer_sb.app.EmailGeneratorController 
{0x0000000706a00028} - klass: 'com/email/email_writer_sb/app/EmailGeneratorController' - flags: 

 - ---- fields (total size 2 words):
 - private final 'emailGeneratorService' 'Lcom/email/email_writer_sb/app/EmailGeneratorService;' @12  null (0x00000000)
RCX=0xfffffffffffffff7 is an unknown value
RDX=0x0000000000000002 is an unknown value
RSP=0x0000004cc02fe0c8 is pointing into the stack for thread: 0x00000249eeaad770
RBP=0x0000004cc02fe118 is pointing into the stack for thread: 0x00000249eeaad770
RSI=0x00000249c8fff968 points into unknown readable memory: 0x800019616a1e3bcd | cd 3b 1e 6a 61 19 00 80
RDI=0x00000249c931f7a0 points into unknown readable memory: 0x0000001800000070 | 70 00 00 00 18 00 00 00
R8 =0x0000000000000002 is an unknown value
R9 =0x0000000000000002 is an unknown value
R10=0x00007ff8248b4880 jvm.dll
R11={method} {0x00000249831f9ab8} 'newInvokeSpecial' '(Ljava/lang/Object;)Ljava/lang/Object;' in 'java/lang/invoke/DirectMethodHandle$Holder'
R12=0x0 is null
R13=0x0000004cc02fe0c8 is pointing into the stack for thread: 0x00000249eeaad770
R14=0x0000004cc02fe138 is pointing into the stack for thread: 0x00000249eeaad770
R15=0x00000249eeaad770 is a thread

Top of Stack: (sp=0x0000004cc02fe0c8)
0x0000004cc02fe0c8:   00000249f7349026 fffffffffffffff7   &.4.I...........
0x0000004cc02fe0d8:   00000249837f694f 0000000000000004   Oi..I...........
0x0000004cc02fe0e8:   00000249831f69f8 fffffffffffffff7   .i..I...........
0x0000004cc02fe0f8:   00000007054ad598 00000249831f9ab0   ..J.........I...
0x0000004cc02fe108:   fffffffffffffff6 0000004cc02fe140   ........@./.L...
0x0000004cc02fe118:   0000004cc02fe4b0 00000249f772dc73   ../.L...s.r.I...
0x0000004cc02fe128:   0000000706a00068 0000000706a00028   h.......(.......
0x0000004cc02fe138:   0000000706a00038 00000249f7349553   8.......S.4.I...
0x0000004cc02fe148:   0000000713f02598 0000000713f025c8   .%.......%......
0x0000004cc02fe158:   fffffffffffffff7 0000024983914542   ........BE..I...
0x0000004cc02fe168:   0000000000000003 000002498329eef0   ..........).I...
0x0000004cc02fe178:   0000000000000000 0000000705b4d200   ................
0x0000004cc02fe188:   000002498329f718 0000000000000000   ..).I...........
0x0000004cc02fe198:   0000004cc02fe1b8 0000004cc02fe208   ../.L...../.L...
0x0000004cc02fe1a8:   00000249f7349553 0000000713f02598   S.4.I....%......
0x0000004cc02fe1b8:   0000000713f025c8 fffffffffffffff7   .%..............
0x0000004cc02fe1c8:   000002498383ea9d 0000000000000005   ....I...........
0x0000004cc02fe1d8:   0000024983226028 0000000000000000   (`".I...........
0x0000004cc02fe1e8:   0000000700000000 0000000706a00098   ................
0x0000004cc02fe1f8:   0000000706a000b0 0000004cc02fe228   ........(./.L...
0x0000004cc02fe208:   0000004cc02fe280 0000004cc02fe280   ../.L...../.L...
0x0000004cc02fe218:   00000249f7349026 00000249f7349026   &.4.I...&.4.I...
0x0000004cc02fe228:   0000000713f025c8 0000000706a00038   .%......8.......
0x0000004cc02fe238:   fffffffffffffff7 00000249837581de   ..........u.I...
0x0000004cc02fe248:   0000000000000004 00000249831a18b0   ............I...
0x0000004cc02fe258:   0000000000000000 00000007054edcd8   ..........N.....
0x0000004cc02fe268:   00000249831a2950 0000000000000000   P)..I...........
0x0000004cc02fe278:   0000004cc02fe2b0 0000004cc02fe4b0   ../.L...../.L...
0x0000004cc02fe288:   00000249f772a86c 0000000713f025c8   l.r.I....%......
0x0000004cc02fe298:   00000249f772d364 0000004cc02fe4b0   d.r.I...../.L...
0x0000004cc02fe2a8:   00000249f772a94a 0000000000000000   J.r.I...........
0x0000004cc02fe2b8:   00000249f764b47f 0000004cc02fe350   ..d.I...P./.L...

Instructions: (pc=0x00000249f737256f)
  0x00000249f737246f:   48 c1 e3 03 8b 5b 28 48 c1 e3 03 8b 5b 24 48 c1
  0x00000249f737247f:   e3 03 48 8b 5b 10 48 85 db 0f 84 10 00 00 00 41
  0x00000249f737248f:   80 bf 00 06 00 00 00 74 03 ff 63 38 ff 63 50 e9
  0x00000249f737249f:   bd ce 01 00 66 66 66 0f 1f 84 00 00 00 00 00 66
  0x00000249f73724af:   66 66 90 66 66 0f 1f 84 00 00 00 00 00 66 66 66
  0x00000249f73724bf:   90 48 8b 53 08 0f b7 52 2e 48 8b 0c d4 58 5b 50
  0x00000249f73724cf:   44 8b 51 08 49 bb 00 00 00 83 49 02 00 00 4d 03
  0x00000249f73724df:   d3 4c 8b 5b 10 4b 8b 9c da e0 01 00 00 48 85 db
  0x00000249f73724ef:   0f 84 10 00 00 00 41 80 bf 00 06 00 00 00 74 03
  0x00000249f73724ff:   ff 63 38 ff 63 50 e9 56 ce 01 00 66 66 66 0f 1f
  0x00000249f737250f:   84 00 00 00 00 00 66 66 66 90 0f 1f 80 00 00 00
  0x00000249f737251f:   00 58 5b 50 8b 5b 24 48 c1 e3 03 48 8b 5b 10 48
  0x00000249f737252f:   85 db 0f 84 10 00 00 00 41 80 bf 00 06 00 00 00
  0x00000249f737253f:   74 03 ff 63 38 ff 63 50 e9 14 ce 01 00 66 66 66
  0x00000249f737254f:   0f 1f 84 00 00 00 00 00 66 66 66 90 0f 1f 44 00
  0x00000249f737255f:   00 48 8b 53 08 0f b7 52 2e 48 8b 0c d4 58 5b 50
=>0x00000249f737256f:   48 3b 01 8b 5b 24 48 c1 e3 03 48 8b 5b 10 48 85
  0x00000249f737257f:   db 0f 84 10 00 00 00 41 80 bf 00 06 00 00 00 74
  0x00000249f737258f:   03 ff 63 38 ff 63 50 e9 c5 cd 01 00 0f 1f 44 00
  0x00000249f737259f:   00 48 8b 53 08 0f b7 52 2e 48 8b 0c d4 58 5b 50
  0x00000249f73725af:   44 8b 51 08 49 bb 00 00 00 83 49 02 00 00 4d 03
  0x00000249f73725bf:   d3 8b 43 18 48 c1 e0 03 48 8b 40 10 48 8b 5b 10
  0x00000249f73725cf:   45 8b 9a b8 00 00 00 4f 8d 9c da e0 01 00 00 4d
  0x00000249f73725df:   8d 14 da 49 8b 1b 48 3b c3 74 15 48 85 db 0f 84
  0x00000249f73725ef:   32 00 00 00 49 83 c3 10 49 8b 1b 48 3b c3 75 eb
  0x00000249f73725ff:   45 8b 5b 08 4b 8b 1c 1a 48 85 db 0f 84 10 00 00
  0x00000249f737260f:   00 41 80 bf 00 06 00 00 00 74 03 ff 63 38 ff 63
  0x00000249f737261f:   50 e9 3b cd 01 00 e9 36 d0 01 00 f4 00 00 00 00
  0x00000249f737262f:   00 00 00 00 00 00 00 00 00 00 00 00 00 00 00 00
  0x00000249f737263f:   00 00 00 00 00 00 00 00 00 00 00 00 00 00 00 00
  0x00000249f737264f:   00 00 00 00 00 00 00 00 00 00 00 00 00 00 00 00
  0x00000249f737265f:   00 00 00 00 00 00 00 00 00 00 00 00 00 00 00 00


Stack slot to memory mapping:

stack at sp + 0 slots: 0x00000249f7349026 is at code_begin+3174 in an Interpreter codelet
return entry points  [0x00000249f73483c0, 0x00000249f734a2c8]  7944 bytes
stack at sp + 1 slots: 0xfffffffffffffff7 is an unknown value
stack at sp + 2 slots: 0x00000249837f694f is pointing into metadata
stack at sp + 3 slots: 0x0000000000000004 is an unknown value
stack at sp + 4 slots: 0x00000249831f69f8 is pointing into metadata
stack at sp + 5 slots: 0xfffffffffffffff7 is an unknown value
stack at sp + 6 slots: 0x00000007054ad598 is an oop: java.lang.Class 
{0x00000007054ad598} - klass: 'java/lang/Class' - flags: 

 - ---- fields (total size 14 words):
 - private volatile transient 'classRedefinedCount' 'I' @12  0 (0x00000000)
 - injected 'klass' 'J' @16  2514755741664 (0x00000249831f67e0)
 - injected 'array_klass' 'J' @24  0 (0x0000000000000000)
 - injected 'oop_size' 'I' @32  14 (0x0000000e)
 - injected 'static_oop_field_count' 'I' @36  0 (0x00000000)
 - private volatile transient 'cachedConstructor' 'Ljava/lang/reflect/Constructor;' @40  null (0x00000000)
 - private transient 'name' 'Ljava/lang/String;' @44  null (0x00000000)
 - private transient 'module' 'Ljava/lang/Module;' @48  a 'java/lang/Module'{0x0000000705415608} (0xe0a82ac1)
 - private final 'classLoader' 'Ljava/lang/ClassLoader;' @52  null (0x00000000)
 - private transient 'classData' 'Ljava/lang/Object;' @56  null (0x00000000)
 - private transient 'signers' '[Ljava/lang/Object;' @60  null (0x00000000)
 - private transient 'packageName' 'Ljava/lang/String;' @64  null (0x00000000)
 - private final 'componentType' 'Ljava/lang/Class;' @68  null (0x00000000)
 - private volatile transient 'reflectionData' 'Ljava/lang/ref/SoftReference;' @72  null (0x00000000)
 - private volatile transient 'genericInfo' 'Lsun/reflect/generics/repository/ClassRepository;' @76  null (0x00000000)
 - private volatile transient 'enumConstants' '[Ljava/lang/Object;' @80  null (0x00000000)
 - private volatile transient 'enumConstantDirectory' 'Ljava/util/Map;' @84  null (0x00000000)
 - private volatile transient 'annotationData' 'Ljava/lang/Class$AnnotationData;' @88  null (0x00000000)
 - private volatile transient 'annotationType' 'Lsun/reflect/annotation/AnnotationType;' @92  null (0x00000000)
 - transient 'classValueMap' 'Ljava/lang/ClassValue$ClassValueMap;' @96  null (0x00000000)
 - injected 'protection_domain' 'Ljava/lang/Object;' @100  null (0x00000000)
 - injected 'source_file' 'Ljava/lang/Object;' @104  null (0x00000000)
 - injected '<init_lock>' 'Ljava/lang/Object;' @108  null (0x00000000)
 - signature: Ljava/lang/invoke/DirectMethodHandle$Holder;
 - ---- static fields (0):
stack at sp + 7 slots: {method} {0x00000249831f9ab8} 'newInvokeSpecial' '(Ljava/lang/Object;)Ljava/lang/Object;' in 'java/lang/invoke/DirectMethodHandle$Holder'

Lock stack of current Java thread (top to bottom):

MethodHandle::interpreter_entry::_linkToSpecial [0x00000249f737254c, 0x00000249f737259b] (79 bytes)
[MachCode]
  0x00000249f737254c: 6666 660f | 1f84 0000 | 0000 0066 | 6666 900f | 1f44 0000 | 488b 5308 | 0fb7 522e | 488b 0cd4 
  0x00000249f737256c: 585b 5048 | 3b01 8b5b | 2448 c1e3 | 0348 8b5b | 1048 85db | 0f84 1000 | 0000 4180 | bf00 0600 
  0x00000249f737258c: 0000 7403 | ff63 38ff | 6350 e9c5 | 
[/MachCode]

---------------  P R O C E S S  ---------------

Threads class SMR info:
_java_thread_list=0x00000249c8ea2230, length=22, elements={
0x00000249eeaad770, 0x0000024982a85e60, 0x0000024982a8c6c0, 0x0000024982a8e4d0,
0x0000024982a913c0, 0x0000024982a92f00, 0x0000024982a9ba40, 0x0000024982a9e980,
0x0000024982c2d490, 0x0000024982c2fbf0, 0x0000024982c30340, 0x0000024982c3f3e0,
0x0000024982c409d0, 0x0000024982c3ddf0, 0x0000024982c41120, 0x0000024982c3e540,
0x0000024982c40280, 0x00000249c8e06cd0, 0x00000249c8e082c0, 0x00000249c8e07b70,
0x00000249c8e08a10, 0x00000249c8e098b0
}

Java Threads: ( => current thread )
=>0x00000249eeaad770 JavaThread "main"                              [_thread_in_Java, id=13768, stack(0x0000004cc0200000,0x0000004cc0300000) (1024K)]
  0x0000024982a85e60 JavaThread "Reference Handler"          daemon [_thread_blocked, id=18888, stack(0x0000004cc0a00000,0x0000004cc0b00000) (1024K)]
  0x0000024982a8c6c0 JavaThread "Finalizer"                  daemon [_thread_blocked, id=24760, stack(0x0000004cc0b00000,0x0000004cc0c00000) (1024K)]
  0x0000024982a8e4d0 JavaThread "Signal Dispatcher"          daemon [_thread_blocked, id=28304, stack(0x0000004cc0c00000,0x0000004cc0d00000) (1024K)]
  0x0000024982a913c0 JavaThread "Attach Listener"            daemon [_thread_blocked, id=22560, stack(0x0000004cc0d00000,0x0000004cc0e00000) (1024K)]
  0x0000024982a92f00 JavaThread "Service Thread"             daemon [_thread_blocked, id=3116, stack(0x0000004cc0e00000,0x0000004cc0f00000) (1024K)]
  0x0000024982a9ba40 JavaThread "Monitor Deflation Thread"   daemon [_thread_blocked, id=2520, stack(0x0000004cc0f00000,0x0000004cc1000000) (1024K)]
  0x0000024982a9e980 JavaThread "C1 CompilerThread0"         daemon [_thread_blocked, id=23684, stack(0x0000004cc1000000,0x0000004cc1100000) (1024K)]
  0x0000024982c2d490 JavaThread "JDWP Transport Listener: dt_socket" daemon [_thread_blocked, id=27820, stack(0x0000004cc1200000,0x0000004cc1300000) (1024K)]
  0x0000024982c2fbf0 JavaThread "JDWP Event Helper Thread"   daemon [_thread_blocked, id=17540, stack(0x0000004cc1300000,0x0000004cc1400000) (1024K)]
  0x0000024982c30340 JavaThread "JDWP Command Reader"        daemon [_thread_in_native, id=25012, stack(0x0000004cc1400000,0x0000004cc1500000) (1024K)]
  0x0000024982c3f3e0 JavaThread "Common-Cleaner"             daemon [_thread_blocked, id=7852, stack(0x0000004cc1500000,0x0000004cc1600000) (1024K)]
  0x0000024982c409d0 JavaThread "Notification Thread"        daemon [_thread_blocked, id=24800, stack(0x0000004cc1700000,0x0000004cc1800000) (1024K)]
  0x0000024982c3ddf0 JavaThread "RMI TCP Accept-0"           daemon [_thread_in_native, id=16204, stack(0x0000004cc1900000,0x0000004cc1a00000) (1024K)]
  0x0000024982c41120 JavaThread "RMI TCP Accept-55237"       daemon [_thread_in_native, id=25568, stack(0x0000004cc1a00000,0x0000004cc1b00000) (1024K)]
  0x0000024982c3e540 JavaThread "RMI TCP Accept-0"           daemon [_thread_in_native, id=1020, stack(0x0000004cc1b00000,0x0000004cc1c00000) (1024K)]
  0x0000024982c40280 JavaThread "RMI Scheduler(0)"           daemon [_thread_blocked, id=16516, stack(0x0000004cc1d00000,0x0000004cc1e00000) (1024K)]
  0x00000249c8e06cd0 JavaThread "RMI TCP Connection(2)-127.0.0.1" daemon [_thread_in_native, id=26204, stack(0x0000004cc1e00000,0x0000004cc1f00000) (1024K)]
  0x00000249c8e082c0 JavaThread "JMX server connection timeout 55" daemon [_thread_blocked, id=28076, stack(0x0000004cc2900000,0x0000004cc2a00000) (1024K)]
  0x00000249c8e07b70 JavaThread "Catalina-utility-1"                [_thread_blocked, id=14348, stack(0x0000004cc2a00000,0x0000004cc2b00000) (1024K)]
  0x00000249c8e08a10 JavaThread "Catalina-utility-2"                [_thread_blocked, id=17740, stack(0x0000004cc3700000,0x0000004cc3800000) (1024K)]
  0x00000249c8e098b0 JavaThread "container-0"                       [_thread_blocked, id=27824, stack(0x0000004cc3800000,0x0000004cc3900000) (1024K)]
Total: 22

Other Threads:
  0x00000249821faab0 VMThread "VM Thread"                           [id=10156, stack(0x0000004cc0900000,0x0000004cc0a00000) (1024K)]
  0x00000249820b2e30 WatcherThread "VM Periodic Task Thread"        [id=5012, stack(0x0000004cc0800000,0x0000004cc0900000) (1024K)]
  0x00000249eeb16280 WorkerThread "GC Thread#0"                     [id=27172, stack(0x0000004cc0300000,0x0000004cc0400000) (1024K)]
  0x00000249c8e0fe00 WorkerThread "GC Thread#1"                     [id=26492, stack(0x0000004cc1f00000,0x0000004cc2000000) (1024K)]
  0x00000249c8e101b0 WorkerThread "GC Thread#2"                     [id=26744, stack(0x0000004cc2000000,0x0000004cc2100000) (1024K)]
  0x00000249c8e10560 WorkerThread "GC Thread#3"                     [id=11620, stack(0x0000004cc2100000,0x0000004cc2200000) (1024K)]
  0x00000249c8e10910 WorkerThread "GC Thread#4"                     [id=13920, stack(0x0000004cc2200000,0x0000004cc2300000) (1024K)]
  0x00000249c8e10cc0 WorkerThread "GC Thread#5"                     [id=27296, stack(0x0000004cc2300000,0x0000004cc2400000) (1024K)]
  0x00000249c8e708f0 WorkerThread "GC Thread#6"                     [id=3224, stack(0x0000004cc2400000,0x0000004cc2500000) (1024K)]
  0x00000249c8e70ca0 WorkerThread "GC Thread#7"                     [id=16416, stack(0x0000004cc2500000,0x0000004cc2600000) (1024K)]
  0x00000249c8e791e0 WorkerThread "GC Thread#8"                     [id=5040, stack(0x0000004cc2600000,0x0000004cc2700000) (1024K)]
  0x00000249c8e79590 WorkerThread "GC Thread#9"                     [id=13536, stack(0x0000004cc2700000,0x0000004cc2800000) (1024K)]
  0x00000249c8e79940 WorkerThread "GC Thread#10"                    [id=23084, stack(0x0000004cc2800000,0x0000004cc2900000) (1024K)]
  0x00000249c8ecfc50 WorkerThread "GC Thread#11"                    [id=23896, stack(0x0000004cc3200000,0x0000004cc3300000) (1024K)]
  0x00000249c8ed0000 WorkerThread "GC Thread#12"                    [id=10060, stack(0x0000004cc3300000,0x0000004cc3400000) (1024K)]
  0x00000249eeb2ab60 ConcurrentGCThread "G1 Main Marker"            [id=21624, stack(0x0000004cc0400000,0x0000004cc0500000) (1024K)]
  0x00000249eeb2cc10 WorkerThread "G1 Conc#0"                       [id=18896, stack(0x0000004cc0500000,0x0000004cc0600000) (1024K)]
  0x00000249c8ece9e0 WorkerThread "G1 Conc#1"                       [id=24040, stack(0x0000004cc3400000,0x0000004cc3500000) (1024K)]
  0x00000249c8ecf8a0 WorkerThread "G1 Conc#2"                       [id=14228, stack(0x0000004cc3500000,0x0000004cc3600000) (1024K)]
  0x00000249820a2870 ConcurrentGCThread "G1 Refine#0"               [id=16684, stack(0x0000004cc0600000,0x0000004cc0700000) (1024K)]
  0x00000249820a40b0 ConcurrentGCThread "G1 Service"                [id=25008, stack(0x0000004cc0700000,0x0000004cc0800000) (1024K)]
Total: 21

Threads with active compile tasks:
Total: 0

VM state: not at safepoint (normal execution)

VM Mutex/Monitor currently owned by a thread: None

Heap address: 0x0000000705200000, size: 4014 MB, Compressed Oops mode: Zero based, Oop shift amount: 3

CDS archive(s) mapped at: [0x0000024983000000-0x0000024983d40000-0x0000024983d40000), size 13893632, SharedBaseAddress: 0x0000024983000000, ArchiveRelocationMode: 1.
Compressed class space mapped at: 0x0000024984000000-0x00000249c4000000, reserved size: 1073741824
UseCompressedClassPointers 1, UseCompactObjectHeaders 0
Narrow klass pointer bits 32, Max shift 3
Narrow klass base: 0x0000024983000000, Narrow klass shift: 0
Encoding Range: [0x0000024983000000 - 0x0000024a83000000), (4294967296 bytes)
Klass Range:    [0x0000024983000000 - 0x00000249c4000000), (1090519040 bytes)
Klass ID Range:  [8 - 1090519033) (1090519025)

GC Precious Log:
 CardTable entry size: 512
 Card Set container configuration: InlinePtr #cards 4 size 8 Array Of Cards #cards 16 size 48 Howl #buckets 8 coarsen threshold 3686 Howl Bitmap #cards 512 size 80 coarsen threshold 460 Card regions per heap region 1 cards per card region 4096
 CPUs: 16 total, 16 available
 Memory: 16051M
 Large Page Support: Disabled
 NUMA Support: Disabled
 Compressed Oops: Enabled (Zero based)
 Heap Region Size: 2M
 Heap Min Capacity: 8M
 Heap Initial Capacity: 252M
 Heap Max Capacity: 4014M
 Pre-touch: Disabled
 Parallel Workers: 13
 Concurrent Workers: 3
 Concurrent Refinement Workers: 13
 Periodic GC: Disabled

Heap:
 garbage-first heap   total reserved 4110336K, committed 49152K, used 35891K [0x0000000705200000, 0x0000000800000000)
  region size 2048K, 12 young (24576K), 1 survivors (2048K)
 Metaspace       used 28170K, committed 28608K, reserved 1114112K
  class space    used 3137K, committed 3328K, reserved 1048576K

Heap Regions: E=young(eden), S=young(survivor), O=old, HS=humongous(starts), HC=humongous(continues), CS=collection set, F=free, TAMS=top-at-mark-start, PB=parsable bottom
|   0|0x0000000705200000, 0x0000000705200000, 0x0000000705400000|  0%| F|  |TAMS 0x0000000705200000| PB 0x0000000705200000| Untracked |  0
|   1|0x0000000705400000, 0x0000000705600000, 0x0000000705600000|100%| O|  |TAMS 0x0000000705400000| PB 0x0000000705400000| Untracked |  0
|   2|0x0000000705600000, 0x0000000705800000, 0x0000000705800000|100%| O|  |TAMS 0x0000000705600000| PB 0x0000000705600000| Untracked |  0
|   3|0x0000000705800000, 0x0000000705a00000, 0x0000000705a00000|100%| O|  |TAMS 0x0000000705800000| PB 0x0000000705800000| Untracked |  0
|   4|0x0000000705a00000, 0x0000000705c00000, 0x0000000705c00000|100%| O|  |TAMS 0x0000000705a00000| PB 0x0000000705a00000| Untracked |  0
|   5|0x0000000705c00000, 0x0000000705e00000, 0x0000000705e00000|100%| O|  |TAMS 0x0000000705c00000| PB 0x0000000705c00000| Untracked |  0
|   6|0x0000000705e00000, 0x0000000706000000, 0x0000000706000000|100%| O|  |TAMS 0x0000000705e00000| PB 0x0000000705e00000| Untracked |  0
|   7|0x0000000706000000, 0x0000000706200000, 0x0000000706200000|100%| O|  |TAMS 0x0000000706000000| PB 0x0000000706000000| Untracked |  0
|   8|0x0000000706200000, 0x000000070622f4c0, 0x0000000706400000|  9%| O|  |TAMS 0x0000000706200000| PB 0x0000000706200000| Untracked |  0
|   9|0x0000000706400000, 0x0000000706400000, 0x0000000706600000|  0%| F|  |TAMS 0x0000000706400000| PB 0x0000000706400000| Untracked |  0
|  10|0x0000000706600000, 0x0000000706600000, 0x0000000706800000|  0%| F|  |TAMS 0x0000000706600000| PB 0x0000000706600000| Untracked |  0
|  11|0x0000000706800000, 0x0000000706800000, 0x0000000706a00000|  0%| F|  |TAMS 0x0000000706800000| PB 0x0000000706800000| Untracked |  0
|  12|0x0000000706a00000, 0x0000000706add9c8, 0x0000000706c00000| 43%| S|CS|TAMS 0x0000000706a00000| PB 0x0000000706a00000| Complete |  0
|  13|0x0000000706c00000, 0x0000000706d1de78, 0x0000000706e00000| 55%| E|  |TAMS 0x0000000706c00000| PB 0x0000000706c00000| Complete |  0
|  14|0x0000000706e00000, 0x0000000707000000, 0x0000000707000000|100%| E|CS|TAMS 0x0000000706e00000| PB 0x0000000706e00000| Complete |  0
|  15|0x0000000707000000, 0x0000000707200000, 0x0000000707200000|100%| E|CS|TAMS 0x0000000707000000| PB 0x0000000707000000| Complete |  0
|  16|0x0000000707200000, 0x0000000707400000, 0x0000000707400000|100%| E|CS|TAMS 0x0000000707200000| PB 0x0000000707200000| Complete |  0
|  17|0x0000000707400000, 0x0000000707600000, 0x0000000707600000|100%| E|CS|TAMS 0x0000000707400000| PB 0x0000000707400000| Complete |  0
|  18|0x0000000707600000, 0x0000000707800000, 0x0000000707800000|100%| E|CS|TAMS 0x0000000707600000| PB 0x0000000707600000| Complete |  0
| 117|0x0000000713c00000, 0x0000000713e00000, 0x0000000713e00000|100%| E|CS|TAMS 0x0000000713c00000| PB 0x0000000713c00000| Complete |  0
| 118|0x0000000713e00000, 0x0000000714000000, 0x0000000714000000|100%| E|CS|TAMS 0x0000000713e00000| PB 0x0000000713e00000| Complete |  0
| 119|0x0000000714000000, 0x0000000714200000, 0x0000000714200000|100%| E|CS|TAMS 0x0000000714000000| PB 0x0000000714000000| Complete |  0
| 125|0x0000000714c00000, 0x0000000714e00000, 0x0000000714e00000|100%| E|CS|TAMS 0x0000000714c00000| PB 0x0000000714c00000| Complete |  0
|2006|0x00000007ffe00000, 0x0000000800000000, 0x0000000800000000|100%| E|CS|TAMS 0x00000007ffe00000| PB 0x00000007ffe00000| Complete |  0

Card table byte_map: [0x00000249fb3b0000,0x00000249fbb90000] _byte_map_base: 0x00000249f7b87000

Marking Bits: (CMBitMap*) 0x00000249eeb168a0
 Bits: [0x00000249fbb90000, 0x00000249ffa48000)

Polling page: 0x00000249ec950000

Metaspace:

Usage:
  Non-class:     24.45 MB used.
      Class:      3.06 MB used.
       Both:     27.51 MB used.

Virtual space:
  Non-class space:       64.00 MB reserved,      24.69 MB ( 39%) committed,  1 nodes.
      Class space:        1.00 GB reserved,       3.25 MB ( <1%) committed,  1 nodes.
             Both:        1.06 GB reserved,      27.94 MB (  3%) committed. 

Chunk freelists:
   Non-Class:  6.53 MB
       Class:  12.73 MB
        Both:  19.26 MB

MaxMetaspaceSize: unlimited
CompressedClassSpaceSize: 1.00 GB
Initial GC threshold: 21.00 MB
Current GC threshold: 37.81 MB
CDS: on
 - commit_granule_bytes: 65536.
 - commit_granule_words: 8192.
 - virtual_space_node_default_size: 8388608.
 - enlarge_chunks_in_place: 1.
UseCompressedClassPointers 1, UseCompactObjectHeaders 0
Narrow klass pointer bits 32, Max shift 3
Narrow klass base: 0x0000024983000000, Narrow klass shift: 0
Encoding Range: [0x0000024983000000 - 0x0000024a83000000), (4294967296 bytes)
Klass Range:    [0x0000024983000000 - 0x00000249c4000000), (1090519040 bytes)
Klass ID Range:  [8 - 1090519033) (1090519025)


Internal statistics:

num_allocs_failed_limit: 6.
num_arena_births: 454.
num_arena_deaths: 0.
num_vsnodes_births: 2.
num_vsnodes_deaths: 0.
num_space_committed: 447.
num_space_uncommitted: 0.
num_chunks_returned_to_freelist: 6.
num_chunks_taken_from_freelist: 1349.
num_chunk_merges: 6.
num_chunk_splits: 923.
num_chunks_enlarged: 686.
num_inconsistent_stats: 0.

CodeCache: size=49152Kb used=6792Kb max_used=12258Kb free=42359Kb
 bounds [0x00000249f7340000, 0x00000249f7f40000, 0x00000249fa340000]
 total_blobs=5008, nmethods=4446, adapters=487, full_count=0
Compilation: enabled, stopped_count=0, restarted_count=0

Compilation events (20 events):
Event: 1202.201 Thread 0x0000024982a9e980 4465       1       java.util.concurrent.locks.AbstractQueuedSynchronizer$ConditionNode::block (15 bytes)
Event: 1202.202 Thread 0x0000024982a9e980 nmethod 4465 0x00000249f7ca1988 code [0x00000249f7ca1ac0, 0x00000249f7ca1ca0]
Event: 1202.202 Thread 0x0000024982a9e980 4466       1       java.util.concurrent.locks.LockSupport::park (29 bytes)
Event: 1202.202 Thread 0x0000024982a9e980 nmethod 4466 0x00000249f7ca1508 code [0x00000249f7ca1660, 0x00000249f7ca1920]
Event: 1203.135 Thread 0x0000024982a9e980 4467       1       org.apache.catalina.loader.WebappLoader::getClassLoader (5 bytes)
Event: 1203.135 Thread 0x0000024982a9e980 nmethod 4467 0x00000249f7ca1208 code [0x00000249f7ca1300, 0x00000249f7ca13c8]
Event: 1213.137 Thread 0x0000024982a9e980 4468       1       org.apache.catalina.core.StandardContext::getInstanceManager (5 bytes)
Event: 1213.137 Thread 0x0000024982a9e980 nmethod 4468 0x00000249f7ca0f08 code [0x00000249f7ca1000, 0x00000249f7ca10d0]
Event: 1263.208 Thread 0x0000024982a9e980 4469       1       org.apache.catalina.core.StandardContext::getThreadBindingListener (5 bytes)
Event: 1263.208 Thread 0x0000024982a9e980 nmethod 4469 0x00000249f7ca0c08 code [0x00000249f7ca0d00, 0x00000249f7ca0dd0]
Event: 1273.111 Thread 0x0000024982a9e980 4470       1       jdk.internal.event.ThreadSleepEvent::isEnabled (2 bytes)
Event: 1273.111 Thread 0x0000024982a9e980 nmethod 4470 0x00000249f7ca0608 code [0x00000249f7ca0700, 0x00000249f7ca07c8]
Event: 1283.232 Thread 0x0000024982a9e980 4472       1       org.apache.catalina.loader.WebappLoader::getContext (5 bytes)
Event: 1283.232 Thread 0x0000024982a9e980 nmethod 4472 0x00000249f7ca0308 code [0x00000249f7ca0400, 0x00000249f7ca04c8]
Event: 1283.232 Thread 0x0000024982a9e980 4474       1       org.apache.catalina.webresources.Cache$$Lambda/0x0000024984344958::applyAsLong (8 bytes)
Event: 1283.232 Thread 0x0000024982a9e980 nmethod 4474 0x00000249f7ca0008 code [0x00000249f7ca0120, 0x00000249f7ca0230]
Event: 1283.232 Thread 0x0000024982a9e980 4473       1       org.apache.catalina.core.StandardContext::getReloadable (5 bytes)
Event: 1283.232 Thread 0x0000024982a9e980 nmethod 4473 0x00000249f7c9fd08 code [0x00000249f7c9fe00, 0x00000249f7c9fed0]
Event: 1283.233 Thread 0x0000024982a9e980 4475       1       org.apache.catalina.core.StandardWrapper::getServlet (5 bytes)
Event: 1283.233 Thread 0x0000024982a9e980 nmethod 4475 0x00000249f7c9fa08 code [0x00000249f7c9fb00, 0x00000249f7c9fbd0]

GC Heap History (14 events):
Event: 1.006 GC heap before
{Heap before GC invocations=0 (full 0):
 garbage-first heap   total reserved 4110336K, committed 260096K, used 50292K [0x0000000705200000, 0x0000000800000000)
  region size 2048K, 24 young (49152K), 0 survivors (0K)
 Metaspace       used 12093K, committed 12352K, reserved 1114112K
  class space    used 1278K, committed 1408K, reserved 1048576K
}
Event: 1.011 GC heap after
{Heap after GC invocations=1 (full 0):
 garbage-first heap   total reserved 4110336K, committed 260096K, used 7843K [0x0000000705200000, 0x0000000800000000)
  region size 2048K, 3 young (6144K), 3 survivors (6144K)
 Metaspace       used 12093K, committed 12352K, reserved 1114112K
  class space    used 1278K, committed 1408K, reserved 1048576K
}
Event: 1.115 GC heap before
{Heap before GC invocations=1 (full 0):
 garbage-first heap   total reserved 4110336K, committed 260096K, used 16035K [0x0000000705200000, 0x0000000800000000)
  region size 2048K, 8 young (16384K), 3 survivors (6144K)
 Metaspace       used 13421K, committed 13696K, reserved 1114112K
  class space    used 1535K, committed 1664K, reserved 1048576K
}
Event: 1.120 GC heap after
{Heap after GC invocations=2 (full 0):
 garbage-first heap   total reserved 4110336K, committed 260096K, used 9209K [0x0000000705200000, 0x0000000800000000)
  region size 2048K, 4 young (8192K), 4 survivors (8192K)
 Metaspace       used 13421K, committed 13696K, reserved 1114112K
  class space    used 1535K, committed 1664K, reserved 1048576K
}
Event: 1.355 GC heap before
{Heap before GC invocations=3 (full 0):
 garbage-first heap   total reserved 4110336K, committed 40960K, used 37881K [0x0000000705200000, 0x0000000800000000)
  region size 2048K, 18 young (36864K), 4 survivors (8192K)
 Metaspace       used 20794K, committed 21120K, reserved 1114112K
  class space    used 2267K, committed 2368K, reserved 1048576K
}
Event: 1.361 GC heap after
{Heap after GC invocations=4 (full 0):
 garbage-first heap   total reserved 4110336K, committed 51200K, used 10758K [0x0000000705200000, 0x0000000800000000)
  region size 2048K, 5 young (10240K), 5 survivors (10240K)
 Metaspace       used 20794K, committed 21120K, reserved 1114112K
  class space    used 2267K, committed 2368K, reserved 1048576K
}
Event: 1.628 GC heap before
{Heap before GC invocations=4 (full 0):
 garbage-first heap   total reserved 4110336K, committed 51200K, used 29190K [0x0000000705200000, 0x0000000800000000)
  region size 2048K, 15 young (30720K), 5 survivors (10240K)
 Metaspace       used 22591K, committed 22848K, reserved 1114112K
  class space    used 2452K, committed 2560K, reserved 1048576K
}
Event: 1.635 GC heap after
{Heap after GC invocations=5 (full 0):
 garbage-first heap   total reserved 4110336K, committed 51200K, used 12581K [0x0000000705200000, 0x0000000800000000)
  region size 2048K, 2 young (4096K), 2 survivors (4096K)
 Metaspace       used 22591K, committed 22848K, reserved 1114112K
  class space    used 2452K, committed 2560K, reserved 1048576K
}
Event: 1.661 GC heap before
{Heap before GC invocations=5 (full 0):
 garbage-first heap   total reserved 4110336K, committed 51200K, used 12581K [0x0000000705200000, 0x0000000800000000)
  region size 2048K, 3 young (6144K), 2 survivors (4096K)
 Metaspace       used 22872K, committed 23168K, reserved 1114112K
  class space    used 2478K, committed 2624K, reserved 1048576K
}
Event: 1.666 GC heap after
{Heap after GC invocations=6 (full 0):
 garbage-first heap   total reserved 4110336K, committed 51200K, used 12847K [0x0000000705200000, 0x0000000800000000)
  region size 2048K, 1 young (2048K), 1 survivors (2048K)
 Metaspace       used 22872K, committed 23168K, reserved 1114112K
  class space    used 2478K, committed 2624K, reserved 1048576K
}
Event: 2.085 GC heap before
{Heap before GC invocations=7 (full 0):
 garbage-first heap   total reserved 4110336K, committed 49152K, used 35375K [0x0000000705200000, 0x0000000800000000)
  region size 2048K, 13 young (26624K), 1 survivors (2048K)
 Metaspace       used 26973K, committed 27392K, reserved 1114112K
  class space    used 2994K, committed 3200K, reserved 1048576K
}
Event: 2.090 GC heap after
{Heap after GC invocations=8 (full 0):
 garbage-first heap   total reserved 4110336K, committed 49152K, used 14549K [0x0000000705200000, 0x0000000800000000)
  region size 2048K, 2 young (4096K), 2 survivors (4096K)
 Metaspace       used 26973K, committed 27392K, reserved 1114112K
  class space    used 2994K, committed 3200K, reserved 1048576K
}
Event: 552.672 GC heap before
{Heap before GC invocations=8 (full 0):
 garbage-first heap   total reserved 4110336K, committed 49152K, used 37077K [0x0000000705200000, 0x0000000800000000)
  region size 2048K, 13 young (26624K), 2 survivors (4096K)
 Metaspace       used 28167K, committed 28608K, reserved 1114112K
  class space    used 3136K, committed 3328K, reserved 1048576K
}
Event: 552.697 GC heap after
{Heap after GC invocations=9 (full 0):
 garbage-first heap   total reserved 4110336K, committed 49152K, used 15411K [0x0000000705200000, 0x0000000800000000)
  region size 2048K, 1 young (2048K), 1 survivors (2048K)
 Metaspace       used 28167K, committed 28608K, reserved 1114112K
  class space    used 3136K, committed 3328K, reserved 1048576K
}

Dll operation events (11 events):
Event: 0.016 Loaded shared library C:\Program Files\Java\jdk-24\bin\java.dll
Event: 0.259 Loaded shared library C:\Program Files\Java\jdk-24\bin\zip.dll
Event: 0.262 Loaded shared library C:\Program Files\Java\jdk-24\bin\instrument.dll
Event: 0.267 Loaded shared library C:\Program Files\Java\jdk-24\bin\net.dll
Event: 0.268 Loaded shared library C:\Program Files\Java\jdk-24\bin\nio.dll
Event: 0.270 Loaded shared library C:\Program Files\Java\jdk-24\bin\zip.dll
Event: 0.391 Loaded shared library C:\Program Files\Java\jdk-24\bin\jimage.dll
Event: 0.426 Loaded shared library C:\Program Files\Java\jdk-24\bin\management.dll
Event: 0.432 Loaded shared library C:\Program Files\Java\jdk-24\bin\management_ext.dll
Event: 0.576 Loaded shared library C:\Program Files\Java\jdk-24\bin\extnet.dll
Event: 1.166 Loaded shared library C:\Program Files\Java\jdk-24\bin\sunmscapi.dll

Deoptimization events (20 events):
Event: 1357.606 Thread 0x00000249c8e06cd0 DEOPT PACKING pc=0x00000249f769f80c sp=0x0000004cc1efe670
Event: 1357.606 Thread 0x00000249c8e06cd0 DEOPT UNPACKING pc=0x00000249f7395722 sp=0x0000004cc1efdb70 mode 1
Event: 1357.606 Thread 0x00000249c8e06cd0 DEOPT PACKING pc=0x00000249f769d4a4 sp=0x0000004cc1efe720
Event: 1357.606 Thread 0x00000249c8e06cd0 DEOPT UNPACKING pc=0x00000249f7395722 sp=0x0000004cc1efdc90 mode 1
Event: 1357.606 Thread 0x00000249c8e06cd0 DEOPT PACKING pc=0x00000249f76a1074 sp=0x0000004cc1efe850
Event: 1357.606 Thread 0x00000249c8e06cd0 DEOPT UNPACKING pc=0x00000249f7395722 sp=0x0000004cc1efdd80 mode 1
Event: 1357.606 Thread 0x00000249c8e06cd0 DEOPT PACKING pc=0x00000249f76a7c64 sp=0x0000004cc1efe930
Event: 1357.606 Thread 0x00000249c8e06cd0 DEOPT UNPACKING pc=0x00000249f7395722 sp=0x0000004cc1efde00 mode 1
Event: 1357.606 Thread 0x00000249c8e06cd0 DEOPT PACKING pc=0x00000249f76a938c sp=0x0000004cc1efe9b0
Event: 1357.606 Thread 0x00000249c8e06cd0 DEOPT UNPACKING pc=0x00000249f7395722 sp=0x0000004cc1efde98 mode 1
Event: 1357.606 Thread 0x00000249c8e06cd0 DEOPT PACKING pc=0x00000249f76a03d4 sp=0x0000004cc1efea80
Event: 1357.606 Thread 0x00000249c8e06cd0 DEOPT UNPACKING pc=0x00000249f7395722 sp=0x0000004cc1efdfa8 mode 1
Event: 1357.606 Thread 0x00000249c8e06cd0 DEOPT PACKING pc=0x00000249f7cbfc24 sp=0x0000004cc1efeb70
Event: 1357.606 Thread 0x00000249c8e06cd0 DEOPT UNPACKING pc=0x00000249f7395722 sp=0x0000004cc1efdfd8 mode 1
Event: 1357.606 Thread 0x00000249c8e06cd0 DEOPT PACKING pc=0x00000249f770639c sp=0x0000004cc1efec70
Event: 1357.606 Thread 0x00000249c8e06cd0 DEOPT UNPACKING pc=0x00000249f7395722 sp=0x0000004cc1efe160 mode 1
Event: 1357.606 Thread 0x00000249c8e06cd0 DEOPT PACKING pc=0x00000249f76b0714 sp=0x0000004cc1efee10
Event: 1357.606 Thread 0x00000249c8e06cd0 DEOPT UNPACKING pc=0x00000249f7395722 sp=0x0000004cc1efe358 mode 1
Event: 1357.664 Thread 0x00000249eeaad770 DEOPT PACKING pc=0x00000249f769a994 sp=0x0000004cc02fe0d0
Event: 1357.664 Thread 0x00000249eeaad770 DEOPT UNPACKING pc=0x00000249f7395722 sp=0x0000004cc02fd588 mode 0

Classes loaded (20 events):
Event: 2.104 Loading class java/util/stream/ReduceOps$2
Event: 2.104 Loading class java/util/stream/ReduceOps$2 done
Event: 2.105 Loading class java/util/stream/ReduceOps$2ReducingSink
Event: 2.105 Loading class java/util/stream/ReduceOps$2ReducingSink done
Event: 2.175 Loading class java/util/stream/SortedOps$SizedRefSortingSink
Event: 2.175 Loading class java/util/stream/SortedOps$SizedRefSortingSink done
Event: 2.181 Loading class java/io/EOFException
Event: 2.182 Loading class java/io/EOFException done
Event: 2.182 Loading class javax/net/ssl/SSLException
Event: 2.182 Loading class javax/net/ssl/SSLException done
Event: 2.188 Loading class java/nio/channels/CompletionHandler
Event: 2.188 Loading class java/nio/channels/CompletionHandler done
Event: 2.192 Loading class jdk/internal/vm/annotation/IntrinsicCandidate
Event: 2.193 Loading class jdk/internal/vm/annotation/IntrinsicCandidate done
Event: 2.200 Loading class jdk/internal/event/ThreadSleepEvent
Event: 2.200 Loading class jdk/internal/event/ThreadSleepEvent done
Event: 2.209 Loading class java/util/concurrent/CompletableFuture
Event: 2.209 Loading class java/util/concurrent/CompletionStage
Event: 2.209 Loading class java/util/concurrent/CompletionStage done
Event: 2.209 Loading class java/util/concurrent/CompletableFuture done

Classes unloaded (0 events):
No events

Classes redefined (1 events):
Event: 1357.681 Thread 0x00000249821faab0 redefined class name=com.email.email_writer_sb.app.EmailGeneratorController, count=1

Internal exceptions (20 events):
Event: 1.936 Thread 0x00000249eeaad770 Exception <a 'java/lang/IncompatibleClassChangeError'{0x00000007070b0aa8}: Found class java.lang.Object, but interface was expected> (0x00000007070b0aa8) 
thrown [s\open\src\hotspot\share\interpreter\linkResolver.cpp, line 872]
Event: 1.937 Thread 0x00000249eeaad770 Exception <a 'java/lang/IncompatibleClassChangeError'{0x00000007070c05b8}: Found class java.lang.Object, but interface was expected> (0x00000007070c05b8) 
thrown [s\open\src\hotspot\share\interpreter\linkResolver.cpp, line 872]
Event: 1.938 Thread 0x00000249eeaad770 Exception <a 'java/lang/IncompatibleClassChangeError'{0x00000007070e8880}: Found class java.lang.Object, but interface was expected> (0x00000007070e8880) 
thrown [s\open\src\hotspot\share\interpreter\linkResolver.cpp, line 872]
Event: 1.938 Thread 0x00000249eeaad770 Exception <a 'java/lang/IncompatibleClassChangeError'{0x00000007070f8c28}: Found class java.lang.Object, but interface was expected> (0x00000007070f8c28) 
thrown [s\open\src\hotspot\share\interpreter\linkResolver.cpp, line 872]
Event: 1.939 Thread 0x00000249eeaad770 Exception <a 'java/lang/IncompatibleClassChangeError'{0x00000007071111d0}: Found class java.lang.Object, but interface was expected> (0x00000007071111d0) 
thrown [s\open\src\hotspot\share\interpreter\linkResolver.cpp, line 872]
Event: 1.943 Thread 0x00000249eeaad770 Exception <a 'java/lang/NoSuchMethodError'{0x0000000707190200}: 'void java.lang.invoke.DirectMethodHandle$Holder.invokeStatic(java.lang.Object, java.lang.Object, java.lang.Object, int, java.lang.Object)'> (0x0000000707190200) 
thrown [s\open\src\hotspot\share\interpreter\linkResolver.cpp, line 805]
Event: 1.951 Thread 0x00000249eeaad770 Exception <a 'java/lang/NoSuchMethodError'{0x0000000706e7b840}: 'void java.lang.invoke.DirectMethodHandle$Holder.invokeStatic(java.lang.Object, int, java.lang.Object)'> (0x0000000706e7b840) 
thrown [s\open\src\hotspot\share\interpreter\linkResolver.cpp, line 805]
Event: 2.083 Thread 0x00000249eeaad770 Exception <a 'java/lang/NoSuchMethodError'{0x00000007069c0f30}: 'int java.lang.invoke.DirectMethodHandle$Holder.invokeVirtual(java.lang.Object, java.lang.Object, java.lang.Object, java.lang.Object)'> (0x00000007069c0f30) 
thrown [s\open\src\hotspot\share\interpreter\linkResolver.cpp, line 805]
Event: 2.084 Thread 0x00000249eeaad770 Exception <a 'java/lang/NoSuchMethodError'{0x00000007069c96c8}: 'int java.lang.invoke.DelegatingMethodHandle$Holder.reinvoke_L(java.lang.Object, java.lang.Object, java.lang.Object, java.lang.Object)'> (0x00000007069c96c8) 
thrown [s\open\src\hotspot\share\interpreter\linkResolver.cpp, line 805]
Event: 2.110 Thread 0x00000249eeaad770 Exception <a 'java/io/FileNotFoundException'{0x00000007fff00660}> (0x00000007fff00660) 
thrown [s\open\src\hotspot\share\prims\jni.cpp, line 518]
Event: 2.125 Thread 0x00000249eeaad770 Exception <a 'java/io/IOException'{0x0000000714c08a68}> (0x0000000714c08a68) 
thrown [s\open\src\hotspot\share\prims\jni.cpp, line 518]
Event: 2.125 Thread 0x00000249eeaad770 Exception <a 'java/io/IOException'{0x0000000714c09188}> (0x0000000714c09188) 
thrown [s\open\src\hotspot\share\prims\jni.cpp, line 518]
Event: 2.126 Thread 0x00000249eeaad770 Exception <a 'java/io/IOException'{0x0000000714c09898}> (0x0000000714c09898) 
thrown [s\open\src\hotspot\share\prims\jni.cpp, line 518]
Event: 2.148 Thread 0x00000249eeaad770 Exception <a 'java/io/IOException'{0x0000000714c6d5f8}> (0x0000000714c6d5f8) 
thrown [s\open\src\hotspot\share\prims\jni.cpp, line 518]
Event: 2.149 Thread 0x00000249eeaad770 Exception <a 'java/io/IOException'{0x0000000714c71070}> (0x0000000714c71070) 
thrown [s\open\src\hotspot\share\prims\jni.cpp, line 518]
Event: 2.149 Thread 0x00000249eeaad770 Exception <a 'java/io/IOException'{0x0000000714c71b48}> (0x0000000714c71b48) 
thrown [s\open\src\hotspot\share\prims\jni.cpp, line 518]
Event: 2.159 Thread 0x00000249eeaad770 Exception <a 'java/lang/NoSuchMethodError'{0x0000000714cff868}: 'int java.lang.invoke.DirectMethodHandle$Holder.invokeInterface(java.lang.Object, java.lang.Object, java.lang.Object, java.lang.Object)'> (0x0000000714cff868) 
thrown [s\open\src\hotspot\share\interpreter\linkResolver.cpp, line 805]
Event: 2.188 Thread 0x00000249eeaad770 Exception <a 'java/lang/NoSuchMethodError'{0x00000007140ff680}: 'long java.lang.invoke.DirectMethodHandle$Holder.invokeVirtual(java.lang.Object, java.lang.Object)'> (0x00000007140ff680) 
thrown [s\open\src\hotspot\share\interpreter\linkResolver.cpp, line 805]
Event: 2.208 Thread 0x00000249eeaad770 Exception <a 'java/lang/NoSuchMethodError'{0x0000000713e98e30}: 'void java.lang.invoke.DirectMethodHandle$Holder.invokeVirtual(java.lang.Object, java.lang.Object, long)'> (0x0000000713e98e30) 
thrown [s\open\src\hotspot\share\interpreter\linkResolver.cpp, line 805]
Event: 2.212 Thread 0x00000249eeaad770 Exception <a 'java/lang/NoSuchMethodError'{0x0000000713ed3d40}: 'void java.lang.invoke.Invokers$Holder.invokeExact_MT(java.lang.Object, java.lang.Object, java.lang.Object, java.lang.Object)'> (0x0000000713ed3d40) 
thrown [s\open\src\hotspot\share\interpreter\linkResolver.cpp, line 805]

VM Operations (20 events):
Event: 16.785 Executing VM operation: get/set locals
Event: 16.785 Executing VM operation: get/set locals done
Event: 16.785 Executing VM operation: get/set locals
Event: 16.785 Executing VM operation: get/set locals done
Event: 16.786 Executing VM operation: get/set locals
Event: 16.786 Executing VM operation: get/set locals done
Event: 60.114 Executing VM operation: HandshakeAllThreads (HandshakeForDeflation)
Event: 60.114 Executing VM operation: HandshakeAllThreads (HandshakeForDeflation) done
Event: 60.114 Executing VM operation: RendezvousGCThreads
Event: 60.114 Executing VM operation: RendezvousGCThreads done
Event: 552.672 Executing VM operation: G1CollectForAllocation (G1 Evacuation Pause)
Event: 552.697 Executing VM operation: G1CollectForAllocation (G1 Evacuation Pause) done
Event: 1357.664 Executing VM operation: ChangeSingleStep
Event: 1357.664 Executing VM operation: ChangeSingleStep done
Event: 1357.664 Executing VM operation: ChangeSingleStep
Event: 1357.664 Executing VM operation: ChangeSingleStep done
Event: 1357.678 Executing VM operation: RedefineClasses
Event: 1357.688 Executing VM operation: RedefineClasses done
Event: 1357.690 Executing VM operation: ChangeSingleStep
Event: 1357.690 Executing VM operation: ChangeSingleStep done

Memory protections (0 events):
No events

Nmethod flushes (20 events):
Event: 1.676 Thread 0x00000249821faab0 flushing  nmethod 0x00000249f7684188
Event: 1.676 Thread 0x00000249821faab0 flushing  nmethod 0x00000249f7739408
Event: 1.676 Thread 0x00000249821faab0 flushing  nmethod 0x00000249f7746988
Event: 1.676 Thread 0x00000249821faab0 flushing  nmethod 0x00000249f7820788
Event: 1.676 Thread 0x00000249821faab0 flushing  nmethod 0x00000249f7853788
Event: 1.676 Thread 0x00000249821faab0 flushing  nmethod 0x00000249f75bcf88
Event: 1.676 Thread 0x00000249821faab0 flushing  nmethod 0x00000249f75c3f08
Event: 1.676 Thread 0x00000249821faab0 flushing  nmethod 0x00000249f75c4d88
Event: 1.676 Thread 0x00000249821faab0 flushing  nmethod 0x00000249f75d0308
Event: 1.676 Thread 0x00000249821faab0 flushing  nmethod 0x00000249f75d0688
Event: 1.676 Thread 0x00000249821faab0 flushing  nmethod 0x00000249f7607208
Event: 1.676 Thread 0x00000249821faab0 flushing  nmethod 0x00000249f7630508
Event: 1.676 Thread 0x00000249821faab0 flushing  nmethod 0x00000249f7631d88
Event: 1.676 Thread 0x00000249821faab0 flushing  nmethod 0x00000249f7632688
Event: 1.676 Thread 0x00000249821faab0 flushing  nmethod 0x00000249f7647a88
Event: 1.676 Thread 0x00000249821faab0 flushing  nmethod 0x00000249f7652308
Event: 1.676 Thread 0x00000249821faab0 flushing  nmethod 0x00000249f7733288
Event: 1.676 Thread 0x00000249821faab0 flushing  nmethod 0x00000249f7743008
Event: 1.676 Thread 0x00000249821faab0 flushing  nmethod 0x00000249f7753a08
Event: 1.676 Thread 0x00000249821faab0 flushing  nmethod 0x00000249f77ab808

Events (20 events):
Event: 71.706 Thread 0x00000249c8d82530 Thread exited: 0x00000249c8d82530
Event: 91.003 Thread 0x0000024982c3fb30 Thread exited: 0x0000024982c3fb30
Event: 126.633 Thread 0x0000024982a9e980 Thread added: 0x00000249c8d85290
Event: 127.648 Thread 0x00000249c8d85290 Thread exited: 0x00000249c8d85290
Event: 127.651 Thread 0x0000024982a9e980 Thread added: 0x00000249c8d83450
Event: 129.175 Thread 0x0000024982a9e980 Thread added: 0x00000249c8d83be0
Event: 129.175 Thread 0x0000024982a9e980 Thread added: 0x00000249c8d84b00
Event: 130.205 Thread 0x00000249c8d84b00 Thread exited: 0x00000249c8d84b00
Event: 130.720 Thread 0x00000249c8d83be0 Thread exited: 0x00000249c8d83be0
Event: 131.237 Thread 0x00000249c8d83450 Thread exited: 0x00000249c8d83450
Event: 132.785 Thread 0x0000024982a9e980 Thread added: 0x00000249c8d83be0
Event: 132.785 Thread 0x0000024982a9e980 Thread added: 0x00000249c8d84370
Event: 132.785 Thread 0x0000024982a9e980 Thread added: 0x00000249c8d84b00
Event: 137.789 Thread 0x00000249c8d84b00 Thread exited: 0x00000249c8d84b00
Event: 137.790 Thread 0x00000249c8d84370 Thread exited: 0x00000249c8d84370
Event: 137.790 Thread 0x00000249c8d83be0 Thread exited: 0x00000249c8d83be0
Event: 194.718 Thread 0x0000024982a9e980 Thread added: 0x00000249c8d83450
Event: 198.916 Thread 0x00000249c8d83450 Thread exited: 0x00000249c8d83450
Event: 199.470 Thread 0x0000024982a9e980 Thread added: 0x00000249c8d83450
Event: 204.473 Thread 0x00000249c8d83450 Thread exited: 0x00000249c8d83450


Dynamic libraries:
0x00007ff6b1ee0000 - 0x00007ff6b1ef0000 	C:\Program Files\Java\jdk-24\bin\javaw.exe
0x00007ff8bdac0000 - 0x00007ff8bdd27000 	C:\WINDOWS\SYSTEM32\ntdll.dll
0x00007ff8bcaa0000 - 0x00007ff8bcb69000 	C:\WINDOWS\System32\KERNEL32.DLL
0x00007ff8bb180000 - 0x00007ff8bb570000 	C:\WINDOWS\System32\KERNELBASE.dll
0x00007ff8bb5b0000 - 0x00007ff8bb6fb000 	C:\WINDOWS\System32\ucrtbase.dll
0x00007ff893530000 - 0x00007ff89354b000 	C:\Program Files\Java\jdk-24\bin\VCRUNTIME140.dll
0x00007ff895d40000 - 0x00007ff895d56000 	C:\Program Files\Java\jdk-24\bin\jli.dll
0x00007ff8bd7f0000 - 0x00007ff8bd9b5000 	C:\WINDOWS\System32\USER32.dll
0x00007ff8bb580000 - 0x00007ff8bb5a7000 	C:\WINDOWS\System32\win32u.dll
0x00007ff8bcc00000 - 0x00007ff8bcc2b000 	C:\WINDOWS\System32\GDI32.dll
0x00007ff8978e0000 - 0x00007ff897b7a000 	C:\WINDOWS\WinSxS\amd64_microsoft.windows.common-controls_6595b64144ccf1df_6.0.26100.4768_none_3e0c112ce331287c\COMCTL32.dll
0x00007ff8bad70000 - 0x00007ff8baea8000 	C:\WINDOWS\System32\gdi32full.dll
0x00007ff8bd1c0000 - 0x00007ff8bd269000 	C:\WINDOWS\System32\msvcrt.dll
0x00007ff8bb0d0000 - 0x00007ff8bb173000 	C:\WINDOWS\System32\msvcp_win.dll
0x00007ff8bd320000 - 0x00007ff8bd34f000 	C:\WINDOWS\System32\IMM32.DLL
0x00007ff8afdd0000 - 0x00007ff8afddc000 	C:\Program Files\Java\jdk-24\bin\vcruntime140_1.dll
0x00007ff85a360000 - 0x00007ff85a3ee000 	C:\Program Files\Java\jdk-24\bin\msvcp140.dll
0x00007ff823be0000 - 0x00007ff824981000 	C:\Program Files\Java\jdk-24\bin\server\jvm.dll
0x00007ff8bd9c0000 - 0x00007ff8bda74000 	C:\WINDOWS\System32\ADVAPI32.dll
0x00007ff8bc960000 - 0x00007ff8bca06000 	C:\WINDOWS\System32\sechost.dll
0x00007ff8bbab0000 - 0x00007ff8bbbc8000 	C:\WINDOWS\System32\RPCRT4.dll
0x00007ff8bbbd0000 - 0x00007ff8bbc44000 	C:\WINDOWS\System32\WS2_32.dll
0x00007ff8acba0000 - 0x00007ff8acbd5000 	C:\WINDOWS\SYSTEM32\WINMM.dll
0x00007ff8ba8b0000 - 0x00007ff8ba90e000 	C:\WINDOWS\SYSTEM32\POWRPROF.dll
0x00007ff8aef60000 - 0x00007ff8aef6b000 	C:\WINDOWS\SYSTEM32\VERSION.dll
0x00007ff8ba890000 - 0x00007ff8ba8a4000 	C:\WINDOWS\SYSTEM32\UMPDC.dll
0x00007ff8b9970000 - 0x00007ff8b998b000 	C:\WINDOWS\SYSTEM32\kernel.appcore.dll
0x00007ff898d00000 - 0x00007ff898d0a000 	C:\Program Files\Java\jdk-24\bin\jimage.dll
0x00007ff8b8210000 - 0x00007ff8b8451000 	C:\WINDOWS\SYSTEM32\DBGHELP.DLL
0x00007ff8bd360000 - 0x00007ff8bd6e5000 	C:\WINDOWS\System32\combase.dll
0x00007ff8bd700000 - 0x00007ff8bd7e0000 	C:\WINDOWS\System32\OLEAUT32.dll
0x00007ff890920000 - 0x00007ff890963000 	C:\WINDOWS\SYSTEM32\dbgcore.DLL
0x00007ff8baeb0000 - 0x00007ff8baf49000 	C:\WINDOWS\System32\bcryptPrimitives.dll
0x00007ff8932f0000 - 0x00007ff89332c000 	C:\Program Files\Java\jdk-24\bin\jdwp.dll
0x00007ff8b4e30000 - 0x00007ff8b4e3f000 	C:\Program Files\Java\jdk-24\bin\instrument.dll
0x00007ff8933e0000 - 0x00007ff8933fe000 	C:\Program Files\Java\jdk-24\bin\java.dll
0x00007ff8bc3b0000 - 0x00007ff8bc550000 	C:\WINDOWS\System32\ole32.dll
0x00007ff8bbc60000 - 0x00007ff8bc3ad000 	C:\WINDOWS\System32\SHELL32.dll
0x00007ff8babf0000 - 0x00007ff8bad63000 	C:\WINDOWS\System32\wintypes.dll
0x00007ff8b87d0000 - 0x00007ff8b902f000 	C:\WINDOWS\SYSTEM32\windows.storage.dll
0x00007ff8bc570000 - 0x00007ff8bc665000 	C:\WINDOWS\System32\SHCORE.dll
0x00007ff8bba40000 - 0x00007ff8bbaaa000 	C:\WINDOWS\System32\shlwapi.dll
0x00007ff8bab10000 - 0x00007ff8bab39000 	C:\WINDOWS\SYSTEM32\profapi.dll
0x00007ff8b4e00000 - 0x00007ff8b4e0c000 	C:\Program Files\Java\jdk-24\bin\dt_socket.dll
0x00007ff8b93b0000 - 0x00007ff8b93e3000 	C:\WINDOWS\SYSTEM32\IPHLPAPI.DLL
0x00007ff8b9f00000 - 0x00007ff8b9f6b000 	C:\WINDOWS\system32\mswsock.dll
0x00007ff8b9450000 - 0x00007ff8b9576000 	C:\WINDOWS\SYSTEM32\DNSAPI.dll
0x00007ff8bbc50000 - 0x00007ff8bbc5a000 	C:\WINDOWS\System32\NSI.dll
0x00007ff8b17c0000 - 0x00007ff8b17cb000 	C:\Windows\System32\rasadhlp.dll
0x00007ff8b1d50000 - 0x00007ff8b1dd6000 	C:\WINDOWS\System32\fwpuclnt.dll
0x00007ff893010000 - 0x00007ff893027000 	C:\Program Files\Java\jdk-24\bin\zip.dll
0x00007ff898a70000 - 0x00007ff898a80000 	C:\Program Files\Java\jdk-24\bin\net.dll
0x00007ff8933c0000 - 0x00007ff8933d6000 	C:\Program Files\Java\jdk-24\bin\nio.dll
0x00007ff895fe0000 - 0x00007ff895fea000 	C:\Program Files\Java\jdk-24\bin\management.dll
0x00007ff893000000 - 0x00007ff89300b000 	C:\Program Files\Java\jdk-24\bin\management_ext.dll
0x00007ff8bd6f0000 - 0x00007ff8bd6f8000 	C:\WINDOWS\System32\PSAPI.DLL
0x00007ff8998d0000 - 0x00007ff8998e8000 	C:\WINDOWS\system32\napinsp.dll
0x00007ff886030000 - 0x00007ff886042000 	C:\WINDOWS\System32\winrnr.dll
0x00007ff885ff0000 - 0x00007ff886020000 	C:\WINDOWS\system32\nlansp_c.dll
0x00007ff8b0020000 - 0x00007ff8b0040000 	C:\WINDOWS\system32\wshbth.dll
0x00007ff8ba1c0000 - 0x00007ff8ba1db000 	C:\WINDOWS\SYSTEM32\CRYPTSP.dll
0x00007ff8b98d0000 - 0x00007ff8b990b000 	C:\WINDOWS\system32\rsaenh.dll
0x00007ff8b9fa0000 - 0x00007ff8b9fcb000 	C:\WINDOWS\SYSTEM32\USERENV.dll
0x00007ff8baae0000 - 0x00007ff8bab06000 	C:\WINDOWS\SYSTEM32\bcrypt.dll
0x00007ff8ba1e0000 - 0x00007ff8ba1ec000 	C:\WINDOWS\SYSTEM32\CRYPTBASE.dll
0x00007ff892ef0000 - 0x00007ff892ef9000 	C:\Program Files\Java\jdk-24\bin\extnet.dll
0x00007ff892ee0000 - 0x00007ff892eee000 	C:\Program Files\Java\jdk-24\bin\sunmscapi.dll
0x00007ff8baf50000 - 0x00007ff8bb0c7000 	C:\WINDOWS\System32\CRYPT32.dll
0x00007ff8ba450000 - 0x00007ff8ba480000 	C:\WINDOWS\SYSTEM32\ncrypt.dll
0x00007ff8ba400000 - 0x00007ff8ba43f000 	C:\WINDOWS\SYSTEM32\NTASN1.dll

JVMTI agents:
jdwp path:C:\Program Files\Java\jdk-24\bin\jdwp.dll, loaded, initialized, options:transport=dt_socket,suspend=y,address=localhost:55238
C:\Users\sreej\Downloads\spring-tool-suite-4-4.28.0.RELEASE-e4.34.0-win32.win32.x86_64\sts-4.28.0.RELEASE\configuration\org.eclipse.osgi\275\0\.cp\lib\javaagent-shaded.jar path:C:\Program Files\Java\jdk-24\bin\instrument.dll, loaded, initialized, instrumentlib options:none

dbghelp: loaded successfully - version: 4.0.5 - missing functions: none
symbol engine: initialized successfully - sym options: 0x614 - pdb path: .;C:\Program Files\Java\jdk-24\bin;C:\WINDOWS\SYSTEM32;C:\WINDOWS\WinSxS\amd64_microsoft.windows.common-controls_6595b64144ccf1df_6.0.26100.4768_none_3e0c112ce331287c;C:\Program Files\Java\jdk-24\bin\server

VM Arguments:
jvm_args: -XX:+ShowCodeDetailsInExceptionMessages -agentlib:jdwp=transport=dt_socket,suspend=y,address=localhost:55238 -Dcom.sun.management.jmxremote -Dcom.sun.management.jmxremote.port=55237 -Dcom.sun.management.jmxremote.authenticate=false -Dcom.sun.management.jmxremote.ssl=false -Djava.rmi.server.hostname=localhost -Dspring.jmx.enabled=true -Dmanagement.endpoints.jmx.exposure.include=* -Dspring.application.admin.enabled=true -Dspring.output.ansi.enabled=always -XX:TieredStopAtLevel=1 -Dspring.boot.project.name=email-writer-sb -javaagent:C:\Users\sreej\Downloads\spring-tool-suite-4-4.28.0.RELEASE-e4.34.0-win32.win32.x86_64\sts-4.28.0.RELEASE\configuration\org.eclipse.osgi\275\0\.cp\lib\javaagent-shaded.jar -Dfile.encoding=UTF-8 -Dstdout.encoding=UTF-8 -Dstderr.encoding=UTF-8 
java_command: com.email.email_writer_sb.EmailWriterSbApplication
java_class_path (initial): C:\Users\sreej\OneDrive\Desktop\Projects\email-writer-sb\target\classes;C:\Users\sreej\.m2\repository\org\springframework\boot\spring-boot-starter-web\4.0.0-M1\spring-boot-starter-web-4.0.0-M1.jar;C:\Users\sreej\.m2\repository\org\springframework\boot\spring-boot-starter-webmvc\4.0.0-M1\spring-boot-starter-webmvc-4.0.0-M1.jar;C:\Users\sreej\.m2\repository\org\springframework\boot\spring-boot-starter-tomcat\4.0.0-M1\spring-boot-starter-tomcat-4.0.0-M1.jar;C:\Users\sreej\.m2\repository\org\springframework\boot\spring-boot-tomcat\4.0.0-M1\spring-boot-tomcat-4.0.0-M1.jar;C:\Users\sreej\.m2\repository\org\apache\tomcat\embed\tomcat-embed-core\11.0.9\tomcat-embed-core-11.0.9.jar;C:\Users\sreej\.m2\repository\org\apache\tomcat\embed\tomcat-embed-el\11.0.9\tomcat-embed-el-11.0.9.jar;C:\Users\sreej\.m2\repository\org\apache\tomcat\embed\tomcat-embed-websocket\11.0.9\tomcat-embed-websocket-11.0.9.jar;C:\Users\sreej\.m2\repository\org\springframework\boot\spring-boot-http-converter\4.0.0-M1\spring-boot-http-converter-4.0.0-M1.jar;C:\Users\sreej\.m2\repository\org\springframework\spring-web\7.0.0-M7\spring-web-7.0.0-M7.jar;C:\Users\sreej\.m2\repository\io\micrometer\micrometer-observation\1.16.0-M1\micrometer-observation-1.16.0-M1.jar;C:\Users\sreej\.m2\repository\io\micrometer\micrometer-commons\1.16.0-M1\micrometer-commons-1.16.0-M1.jar;C:\Users\sreej\.m2\repository\org\springframework\boot\spring-boot-webmvc\4.0.0-M1\spring-boot-webmvc-4.0.0-M1.jar;C:\Users\sreej\.m2\repository\org\springframework\boot\spring-boot-servlet\4.0.0-M1\spring-boot-servlet-4.0.0-M1.jar;C:\Users\sreej\.m2\repository\org\springframework\spring-webmvc\7.0.0-M7\spring-webmvc-7.0.0-M7.jar;C:\Users\sreej\.m2\repository\org\springframework\spring-aop\7.0.0-M7\spring-aop-7.0.0-M7.jar;C:\Users\sreej\.m2\repository\org\springframework\spring-expression\7.0.0-M7\spring-expression-7.0.0-M7.jar;C:\Users\sreej\.m2\repository\org\springframework\boot\spring-boot-starter-webflux\4.0.0-M1\spring-boot-starter-webflux-4.0.0-M1.jar;C:\Users\sreej\.m2\repository\org\springframework\boot\spring-boot-starter-json\4.0.0-M1\spring-boot-starter-json-4.0.0-M1.jar;C:\Users\sreej\.m2\repository\org\springframework\boot\spring-boot-starter-jackson\4.0.0-M1\spring-boot-starter-jackson-4.0.0-M1.jar;C:\Users\sreej\.m2\repository\org\springframework\boot\spring-boot-jackson\4.0.0-M1\spring-boot-jackson-4.0.0-M1.jar;C:\Users\sreej\.m2\repository\com\fasterxml\jackson\core\jackson-databind\2.19.2\jackson-databind-2.19.2.jar;C:\Users\sreej\.m2\repository\com\fasterxml\jackson\datatype\jackson-datatype-jdk8\2.19.2\jackson-datatype-jdk8-2.19.2.jar;C:\Users\sreej\.m2\repository\com\fasterxml\jackson\core\jackson-core\2.19.2\jackson-core-2.19.2.jar;C:\Users\sreej\.m2\repository\com\fasterxml\jackson\datatype\jackson-datatype-jsr310\2.19.2\jackson-datatype-jsr310-2.19.2.jar;C:\Users\sreej\.m2\repository\com\fasterxml\jackson\core\jackson-annotations\2.19.2\jackson-annotations-2.19.2.jar;C:\Users\sreej\.m2\repository\com\fasterxml\jackson\module\jackson-module-parameter-names\2.19.2\jackson-module-parameter-names-2.19.2.jar;C:\Users\sreej\.m2\repository\org\springframework\boot\spring-boot-starter-reactor-netty\4.0.0-M1\spring-boot-starter-reactor-netty-4.0.0-M1.jar;C:\Users\sreej\.m2\repository\org\springframework\boot\spring-boot-reactor-netty\4.0.0-M1\spring-boot-reactor-netty-4.0.0-M1.jar;C:\Users\sreej\.m2\repository\io\projectreactor\netty\reactor-netty-http\1.3.0-M5\reactor-netty-http-1.3.0-M5.jar;C:\Users\sreej\.m2\repository\io\netty\netty-codec-http\4.2.3.Final\netty-codec-http-4.2.3.Final.jar;C:\Users\sreej\.m2\repository\io\netty\netty-buffer\4.2.3.Final\netty-buffer-4.2.3.Final.jar;C:\Users\sreej\.m2\repository\io\netty\netty-transport\4.2.3.Final\netty-transport-4.2.3.Final.jar;C:\Users\sreej\.m2\repository\io\netty\netty-codec-base\4.2.3.Final\netty-codec-base-4.2.3.Final.jar;C:\Users\sreej\.m2\repository\io\netty\netty-codec-compression\4.2.3.Final\netty-codec-compression-4.2.3.Final.jar;C:\Users\sreej\.m2\repository\io\netty\netty-handler\4.2.3.Final\netty-handler-4.2.3.Final.jar;C:\Users\sreej\.m2\repository\io\netty\netty-codec-http2\4.2.3.Final\netty-codec-http2-4.2.3.Final.jar;C:\Users\sreej\.m2\repository\io\netty\netty-resolver-dns\4.2.3.Final\netty-resolver-dns-4.2.3.Final.jar;C:\Users\sreej\.m2\repository\io\netty\netty-resolver\4.2.3.Final\netty-resolver-4.2.3.Final.jar;C:\Users\sreej\.m2\repository\io\netty\netty-codec-dns\4.2.3.Final\netty-codec-dns-4.2.3.Final.jar;C:\Users\sreej\.m2\repository\io\netty\netty-resolver-dns-native-macos\4.2.3.Final\netty-resolver-dns-native-macos-4.2.3.Final-osx-x86_64.jar;C:\Users\sreej\.m2\repository\io\netty\netty-resolver-dns-classes-macos\4.2.3.Final\netty-resolver-dns-classes-macos-4.2.3.Final.jar;C:\Users\sreej\.m2\repository\io\netty\netty-transport-native-epoll\4.2.3.Final\netty-transport-native-epoll-4.2.3.Final-linux-x86_64.jar;C:\Users\sreej\.m2\repository\io\netty\netty-transport-native-unix-common\4.2.3.Final\netty-transport-native-unix-common-4.2.3.Final.jar;C:\Users\sreej\.m2\repository\io\netty\netty-transport-classes-epoll\4.2.3.Final\netty-transport-classes-epoll-4.2.3.Final.jar;C:\Users\sreej\.m2\repository\io\projectreactor\netty\reactor-netty-core\1.3.0-M5\reactor-netty-core-1.3.0-M5.jar;C:\Users\sreej\.m2\repository\io\netty\netty-handler-proxy\4.2.3.Final\netty-handler-proxy-4.2.3.Final.jar;C:\Users\sreej\.m2\repository\io\netty\netty-codec-socks\4.2.3.Final\netty-codec-socks-4.2.3.Final.jar;C:\Users\sreej\.m2\repository\org\springframework\boot\spring-boot-netty\4.0.0-M1\spring-boot-netty-4.0.0-M1.jar;C:\Users\sreej\.m2\repository\io\netty\netty-common\4.2.3.Final\netty-common-4.2.3.Final.jar;C:\Users\sreej\.m2\repository\org\springframework\boot\spring-boot-webflux\4.0.0-M1\spring-boot-webflux-4.0.0-M1.jar;C:\Users\sreej\.m2\repository\org\springframework\boot\spring-boot\4.0.0-M1\spring-boot-4.0.0-M1.jar;C:\Users\sreej\.m2\repository\org\springframework\spring-context\7.0.0-M7\spring-context-7.0.0-M7.jar;C:\Users\sreej\.m2\repository\org\springframework\spring-webflux\7.0.0-M7\spring-webflux-7.0.0-M7.jar;C:\Users\sreej\.m2\repository\org\springframework\spring-beans\7.0.0-M7\spring-beans-7.0.0-M7.jar;C:\Users\sreej\.m2\repository\org\springframework\boot\spring-boot-http-codec\4.0.0-M1\spring-boot-http-codec-4.0.0-M1.jar;C:\Users\sreej\.m2\repository\org\springframework\boot\spring-boot-web-server\4.0.0-M1\spring-boot-web-server-4.0.0-M1.jar;C:\Users\sreej\.m2\repository\org\projectlombok\lombok\1.18.38\lombok-1.18.38.jar;C:\Users\sreej\.m2\repository\org\springframework\boot\spring-boot-starter\4.0.0-M1\spring-boot-starter-4.0.0-M1.jar;C:\Users\sreej\.m2\repository\org\springframework\boot\spring-boot-starter-logging\4.0.0-M1\spring-boot-starter-logging-4.0.0-M1.jar;C:\Users\sreej\.m2\repository\org\springframework\boot\spring-boot-starter-logback\4.0.0-M1\spring-boot-starter-logback-4.0.0-M1.jar;C:\Users\sreej\.m2\repository\ch\qos\logback\logback-classic\1.5.18\logback-classic-1.5.18.jar;C:\Users\sreej\.m2\repository\ch\qos\logback\logback-core\1.5.18\logback-core-1.5.18.jar;C:\Users\sreej\.m2\repository\org\apache\logging\log4j\log4j-to-slf4j\2.24.3\log4j-to-slf4j-2.24.3.jar;C:\Users\sreej\.m2\repository\org\apache\logging\log4j\log4j-api\2.24.3\log4j-api-2.24.3.jar;C:\Users\sreej\.m2\repository\org\slf4j\jul-to-slf4j\2.0.17\jul-to-slf4j-2.0.17.jar;C:\Users\sreej\.m2\repository\org\springframework\boot\spring-boot-autoconfigure\4.0.0-M1\spring-boot-autoconfigure-4.0.0-M1.jar;C:\Users\sreej\.m2\repository\jakarta\annotation\jakarta.annotation-api\3.0.0\jakarta.annotation-api-3.0.0.jar;C:\Users\sreej\.m2\repository\org\yaml\snakeyaml\2.4\snakeyaml-2.4.jar;C:\Users\sreej\.m2\repository\org\slf4j\slf4j-api\2.0.17\slf4j-api-2.0.17.jar;C:\Users\sreej\.m2\repository\org\springframework\spring-core\7.0.0-M7\spring-core-7.0.0-M7.jar;C:\Users\sreej\.m2\repository\commons-logging\commons-logging\1.3.5\commons-logging-1.3.5.jar;C:\Users\sreej\.m2\repository\org\jspecify\jspecify\1.0.0\jspecify-1.0.0.jar;C:\Users\sreej\.m2\repository\io\projectreactor\reactor-core\3.8.0-M5\reactor-core-3.8.0-M5.jar;C:\Users\sreej\.m2\repository\org\reactivestreams\reactive-streams\1.0.4\reactive-streams-1.0.4.jar
Launcher Type: SUN_STANDARD

[Global flags]
     intx CICompilerCount                          = 12                                        {product} {ergonomic}
     uint ConcGCThreads                            = 3                                         {product} {ergonomic}
     uint G1ConcRefinementThreads                  = 13                                        {product} {ergonomic}
   size_t G1HeapRegionSize                         = 2097152                                   {product} {ergonomic}
   size_t InitialHeapSize                          = 264241152                                 {product} {ergonomic}
     bool ManagementServer                         = true                                      {product} {command line}
   size_t MarkStackSize                            = 4194304                                   {product} {ergonomic}
   size_t MarkStackSizeMax                         = 536870912                                 {product} {ergonomic}
   size_t MaxHeapSize                              = 4208984064                                {product} {ergonomic}
   size_t MaxNewSize                               = 2524971008                                {product} {ergonomic}
   size_t MinHeapDeltaBytes                        = 2097152                                   {product} {ergonomic}
   size_t MinHeapSize                              = 8388608                                   {product} {ergonomic}
    uintx NonNMethodCodeHeapSize                   = 4096                                   {pd product} {ergonomic}
    uintx NonProfiledCodeHeapSize                  = 0                                      {pd product} {ergonomic}
     bool ProfileInterpreter                       = false                                  {pd product} {command line}
    uintx ProfiledCodeHeapSize                     = 0                                      {pd product} {ergonomic}
     bool ShowCodeDetailsInExceptionMessages       = true                                   {manageable} {command line}
   size_t SoftMaxHeapSize                          = 4208984064                             {manageable} {ergonomic}
     intx TieredStopAtLevel                        = 1                                         {product} {command line}
     bool UseCompressedOops                        = true                           {product lp64_product} {ergonomic}
     bool UseG1GC                                  = true                                      {product} {ergonomic}
     bool UseLargePagesIndividualAllocation        = false                                  {pd product} {ergonomic}

Logging:
Log output configuration:
 #0: stdout all=warning uptime,level,tags foldmultilines=false
 #1: stderr all=off uptime,level,tags foldmultilines=false

Environment Variables:
PATH=C:/Users/sreej/Downloads/spring-tool-suite-4-4.28.0.RELEASE-e4.34.0-win32.win32.x86_64/sts-4.28.0.RELEASE//plugins/org.eclipse.justj.openjdk.hotspot.jre.full.win32.x86_64_21.0.6.v20250130-0529/jre/bin/server;C:/Users/sreej/Downloads/spring-tool-suite-4-4.28.0.RELEASE-e4.34.0-win32.win32.x86_64/sts-4.28.0.RELEASE//plugins/org.eclipse.justj.openjdk.hotspot.jre.full.win32.x86_64_21.0.6.v20250130-0529/jre/bin;C:\Python313\Scripts\;C:\Python313\;C:\Program Files\Common Files\Oracle\Java\javapath;C:\Program Files (x86)\Common Files\Oracle\Java\javapath;C:\windows\system32;C:\windows;C:\windows\System32\Wbem;C:\windows\System32\WindowsPowerShell\v1.0\;C:\windows\System32\OpenSSH\;C:\Program Files (x86)\NVIDIA Corporation\PhysX\Common;C:\Program Files\Microsoft VS Code\bin;C:\Program Files (x86)\Common Files\DivX Shared\DesktopService;C:\MinGW\bin;C:\Program Files\dotnet\;C:\Program Files\Java\jdk-18.0.2.1\bin;C:\Program Files\MySQL\MySQL Server 8.0\bin;C:\Program Files\MySQL\MySQL Shell 8.0\bin;;C:\WINDOWS\system32;C:\WINDOWS;C:\WINDOWS\System32\Wbem;C:\WINDOWS\System32\WindowsPowerShell\v1.0\;C:\WINDOWS\System32\OpenSSH\;C:\Program Files\NVIDIA Corporation\NVIDIA app\NvDLISR;C:\ProgramData\chocolatey\bin;C:\Program Files\nodejs\;C:\Program Files\MySQL\MySQL Shell 8.0\bin\;C:\Users\sreej\AppData\Local\Microsoft\WindowsApps;C:\Users\sreej\AppData\Local\spicetify;C:\Users\sreej\AppData\Roaming\npm;C:\Program Files\Java\jdk-24\bin;;C:\Users\sreej\Downloads\spring-tool-suite-4-4.28.0.RELEASE-e4.34.0-win32.win32.x86_64\sts-4.28.0.RELEASE;
USERNAME=sreej
OS=Windows_NT
PROCESSOR_IDENTIFIER=Intel64 Family 6 Model 154 Stepping 3, GenuineIntel
TMP=C:\Users\sreej\AppData\Local\Temp
TEMP=C:\Users\sreej\AppData\Local\Temp




Periodic native trim disabled

---------------  S Y S T E M  ---------------

OS:
 Windows 11 , 64 bit Build 26100 (10.0.26100.4768)
OS uptime: 0 days 10:15 hours
Hyper-V role detected

CPU: total 16 (initial active 16) (8 cores per cpu, 2 threads per core) family 6 model 154 stepping 3 microcode 0x434, cx8, cmov, fxsr, ht, mmx, 3dnowpref, sse, sse2, sse3, ssse3, sse4.1, sse4.2, popcnt, lzcnt, tsc, tscinvbit, avx, avx2, aes, erms, clmul, bmi1, bmi2, adx, sha, fma, vzeroupper, clflush, clflushopt, clwb, hv, serialize, rdtscp, rdpid, fsrm, gfni, f16c, cet_ibt, cet_ss
Processor Information for processor 0
  Max Mhz: 2300, Current Mhz: 2300, Mhz Limit: 2300
Processor Information for processor 1
  Max Mhz: 2300, Current Mhz: 1506, Mhz Limit: 2300
Processor Information for processor 2
  Max Mhz: 2300, Current Mhz: 2300, Mhz Limit: 2300
Processor Information for processor 3
  Max Mhz: 2300, Current Mhz: 1506, Mhz Limit: 2300
Processor Information for processor 4
  Max Mhz: 2300, Current Mhz: 2300, Mhz Limit: 2300
Processor Information for processor 5
  Max Mhz: 2300, Current Mhz: 2300, Mhz Limit: 2300
Processor Information for processor 6
  Max Mhz: 2300, Current Mhz: 2300, Mhz Limit: 2300
Processor Information for processor 7
  Max Mhz: 2300, Current Mhz: 2300, Mhz Limit: 2300
Processor Information for processor 8
  Max Mhz: 2300, Current Mhz: 2300, Mhz Limit: 2300
Processor Information for processor 9
  Max Mhz: 2300, Current Mhz: 2300, Mhz Limit: 2300
Processor Information for processor 10
  Max Mhz: 2300, Current Mhz: 2300, Mhz Limit: 2300
Processor Information for processor 11
  Max Mhz: 2300, Current Mhz: 1506, Mhz Limit: 2300
Processor Information for processor 12
  Max Mhz: 2300, Current Mhz: 2300, Mhz Limit: 2300
Processor Information for processor 13
  Max Mhz: 2300, Current Mhz: 2300, Mhz Limit: 2300
Processor Information for processor 14
  Max Mhz: 2300, Current Mhz: 2300, Mhz Limit: 2300
Processor Information for processor 15
  Max Mhz: 2300, Current Mhz: 2300, Mhz Limit: 2300

Memory: 4k page, system-wide physical 16051M (4576M free)
TotalPageFile size 19381M (AvailPageFile size 1930M)
current process WorkingSet (physical memory assigned to process): 138M, peak: 142M
current process commit charge ("private bytes"): 191M, peak: 381M

vm_info: Java HotSpot(TM) 64-Bit Server VM (24.0.2+12-54) for windows-amd64 JRE (24.0.2+12-54), built on 2025-07-08T12:10:27Z with MS VC++ 17.6 (VS2022)

END.
